<?xml version="1.0" encoding="UTF-8"?>
<!-- Generated by org.testng.reporters.JUnitReportReporter -->
<testsuite hostname="LAPTOP-H519OSTH" failures="0" tests="6" name="tests.OrderBook" time="68.759" errors="0" timestamp="2022-10-10T18:02:24 BDT" skipped="0">
  <testcase classname="tests.OrderBook" name="clickLekhok" time="10.781"/>
  <system-out/>
  <testcase classname="tests.OrderBook" name="goToNextPage" time="22.189"/>
  <system-out/>
  <testcase classname="tests.OrderBook" name="clickAuthor" time="12.504"/>
  <system-out/>
  <testcase classname="tests.OrderBook" name="clickBook" time="8.906"/>
  <system-out/>
  <testcase classname="tests.OrderBook" name="clickCompleteOrder" time="5.385"/>
  <system-out/>
  <testcase classname="tests.OrderBook" name="clicktoCheckOut" time="8.994"/>
  <system-out/>
</testsuite> <!-- tests.OrderBook -->
