<?xml version="1.0" encoding="UTF-8"?>
<!-- Generated by org.testng.reporters.JUnitReportReporter -->
<testsuite hostname="LAPTOP-H519OSTH" failures="0" tests="1" name="tests.ProvideInformation" time="101.340" errors="0" timestamp="2022-10-10T18:02:24 BDT" skipped="0">
  <testcase classname="tests.ProvideInformation" name="provideInfo" time="101.340"/>
  <system-out/>
</testsuite> <!-- tests.ProvideInformation -->
